Clock-kai/app/build/intermediates/manifest_merge_blame_file/debug/manifest-merger-blame-debug-report.txt
1<?xml version="1.0" encoding="utf-8"?>
2<manifest xmlns:android="http://schemas.android.com/apk/res/android"
3    package="com.example.clock"
4    android:versionCode="1"
5    android:versionName="1.0" >
6
7    <uses-sdk
8        android:minSdkVersion="21"
8-->src\main\AndroidManifest.xml
9        android:targetSdkVersion="32" />
9-->src\main\AndroidManifest.xml
10
11    <application
11-->src\main\AndroidManifest.xml:5:5-58:19
12        android:allowBackup="true"
12-->src\main\AndroidManifest.xml:6:9-35
13        android:appComponentFactory="androidx.core.app.CoreComponentFactory"
13-->[androidx.core:core:1.8.0] AndroidManifest.xml:24:18-86
14        android:dataExtractionRules="@xml/data_extraction_rules"
14-->src\main\AndroidManifest.xml:7:9-65
15        android:debuggable="true"
16        android:fullBackupContent="@xml/backup_rules"
16-->src\main\AndroidManifest.xml:8:9-54
17        android:icon="@mipmap/ic_launcher"
17-->src\main\AndroidManifest.xml:9:9-43
18        android:label="@string/app_name"
18-->src\main\AndroidManifest.xml:10:9-41
19        android:roundIcon="@mipmap/ic_launcher_round"
19-->src\main\AndroidManifest.xml:11:9-54
20        android:supportsRtl="true"
20-->src\main\AndroidManifest.xml:12:9-35
21        android:testOnly="true"
22        android:theme="@style/Theme.Clock" >
22-->src\main\AndroidManifest.xml:13:9-43
23        <service
23-->src\main\AndroidManifest.xml:15:9-18:47
24            android:name="com.example.clock.MyService"
24-->src\main\AndroidManifest.xml:16:13-38
25            android:enabled="true"
25-->src\main\AndroidManifest.xml:17:13-35
26            android:exported="true" />
26-->src\main\AndroidManifest.xml:18:13-36
27
28        <activity
28-->src\main\AndroidManifest.xml:20:9-26:20
29            android:name="com.example.clock.TimingActivity"
29-->src\main\AndroidManifest.xml:21:13-43
30            android:exported="false" >
30-->src\main\AndroidManifest.xml:22:13-37
31            <meta-data
31-->src\main\AndroidManifest.xml:23:13-25:36
32                android:name="android.app.lib_name"
32-->src\main\AndroidManifest.xml:24:17-52
33                android:value="" />
33-->src\main\AndroidManifest.xml:25:17-33
34        </activity>
35        <activity
35-->src\main\AndroidManifest.xml:27:9-33:20
36            android:name="com.example.clock.StopwatchActivity"
36-->src\main\AndroidManifest.xml:28:13-46
37            android:exported="false" >
37-->src\main\AndroidManifest.xml:29:13-37
38            <meta-data
38-->src\main\AndroidManifest.xml:23:13-25:36
39                android:name="android.app.lib_name"
39-->src\main\AndroidManifest.xml:24:17-52
40                android:value="" />
40-->src\main\AndroidManifest.xml:25:17-33
41        </activity>
42        <activity
42-->src\main\AndroidManifest.xml:34:9-40:20
43            android:name="com.example.clock.AlarmActivity"
43-->src\main\AndroidManifest.xml:35:13-42
44            android:exported="false" >
44-->src\main\AndroidManifest.xml:36:13-37
45            <meta-data
45-->src\main\AndroidManifest.xml:23:13-25:36
46                android:name="android.app.lib_name"
46-->src\main\AndroidManifest.xml:24:17-52
47                android:value="" />
47-->src\main\AndroidManifest.xml:25:17-33
48        </activity>
49        <activity
49-->src\main\AndroidManifest.xml:41:9-53:20
50            android:name="com.example.clock.MainActivity"
50-->src\main\AndroidManifest.xml:42:13-41
51            android:exported="true" >
51-->src\main\AndroidManifest.xml:43:13-36
52            <intent-filter>
52-->src\main\AndroidManifest.xml:44:13-48:29
53                <action android:name="android.intent.action.MAIN" />
53-->src\main\AndroidManifest.xml:45:17-69
53-->src\main\AndroidManifest.xml:45:25-66
54
55                <category android:name="android.intent.category.LAUNCHER" />
55-->src\main\AndroidManifest.xml:47:17-77
55-->src\main\AndroidManifest.xml:47:27-74
56            </intent-filter>
57
58            <meta-data
58-->src\main\AndroidManifest.xml:23:13-25:36
59                android:name="android.app.lib_name"
59-->src\main\AndroidManifest.xml:24:17-52
60                android:value="" />
60-->src\main\AndroidManifest.xml:25:17-33
61        </activity>
62
63        <receiver
63-->src\main\AndroidManifest.xml:55:9-57:37
64            android:name="com.example.clock.Alarm"
64-->src\main\AndroidManifest.xml:55:19-40
65            android:enabled="true"
65-->src\main\AndroidManifest.xml:57:13-35
66            android:exported="true" />
66-->src\main\AndroidManifest.xml:56:13-36
67
68        <provider
68-->[androidx.emoji2:emoji2:1.2.0] AndroidManifest.xml:24:9-32:20
69            android:name="androidx.startup.InitializationProvider"
69-->[androidx.emoji2:emoji2:1.2.0] AndroidManifest.xml:25:13-67
70            android:authorities="com.example.clock.androidx-startup"
70-->[androidx.emoji2:emoji2:1.2.0] AndroidManifest.xml:26:13-68
71            android:exported="false" >
71-->[androidx.emoji2:emoji2:1.2.0] AndroidManifest.xml:27:13-37
72            <meta-data
72-->[androidx.emoji2:emoji2:1.2.0] AndroidManifest.xml:29:13-31:52
73                android:name="androidx.emoji2.text.EmojiCompatInitializer"
73-->[androidx.emoji2:emoji2:1.2.0] AndroidManifest.xml:30:17-75
74                android:value="androidx.startup" />
74-->[androidx.emoji2:emoji2:1.2.0] AndroidManifest.xml:31:17-49
75            <meta-data
75-->[androidx.lifecycle:lifecycle-process:2.4.1] AndroidManifest.xml:31:13-33:52
76                android:name="androidx.lifecycle.ProcessLifecycleInitializer"
76-->[androidx.lifecycle:lifecycle-process:2.4.1] AndroidManifest.xml:32:17-78
77                android:value="androidx.startup" />
77-->[androidx.lifecycle:lifecycle-process:2.4.1] AndroidManifest.xml:33:17-49
78        </provider>
79    </application>
80
81</manifest>